-------------------------------------------------------------------------------
Test set: KanbanBoardTest
-------------------------------------------------------------------------------
Tests run: 1, Failures: 1, Errors: 0, Skipped: 0, Time elapsed: 0.879 s <<< FAILURE! - in KanbanBoardTest
testAll[1][1]  Time elapsed: 0.536 s  <<< FAILURE!
org.opentest4j.AssertionFailedError: bucket.feature:20 - status code was: 404, expected: 204, response time: 38, url: http://localhost:8080/http://localhost:8080/v1/buckets, response: {"path":"/http:/localhost:8080/v1/buckets","error":"Not Found","message":"","timestamp":"2020-07-21T02:19:55.634+00:00","status":404}

